<?xml version="1.0" encoding="UTF-8"?>
<!-- Generated by org.testng.reporters.JUnitXMLReporter -->
<testsuite hostname="DESKTOP-EQOOVAR" name="Test" tests="1" failures="1" timestamp="8 May 2019 10:47:19 GMT" time="22.061" errors="0">
  <testcase name="facebooklogin" time="22.034" classname="TestScript.TC1">
    <failure type="java.lang.RuntimeException" message="Process refused to die after 10 seconds, and couldn&amp;apos;t taskkill it: Unable to find executable for: taskkill">
      <![CDATA[java.lang.RuntimeException: Process refused to die after 10 seconds, and couldn't taskkill it: Unable to find executable for: taskkill
	at org.openqa.selenium.os.ProcessUtils.killWinProcess(ProcessUtils.java:142)
	at org.openqa.selenium.os.ProcessUtils.killProcess(ProcessUtils.java:81)
	at org.openqa.selenium.os.UnixProcess$SeleniumWatchDog.destroyHarder(UnixProcess.java:247)
	at org.openqa.selenium.os.UnixProcess$SeleniumWatchDog.access$2(UnixProcess.java:246)
	at org.openqa.selenium.os.UnixProcess.destroy(UnixProcess.java:125)
	at org.openqa.selenium.os.CommandLine.destroy(CommandLine.java:155)
	at org.openqa.selenium.firefox.FirefoxBinary.quit(FirefoxBinary.java:246)
	at org.openqa.selenium.firefox.internal.NewProfileExtensionConnection.quit(NewProfileExtensionConnection.java:194)
	at org.openqa.selenium.firefox.FirefoxDriver$LazyCommandExecutor.quit(FirefoxDriver.java:364)
	at org.openqa.selenium.firefox.FirefoxDriver.stopClient(FirefoxDriver.java:310)
	at org.openqa.selenium.remote.RemoteWebDriver.quit(RemoteWebDriver.java:529)
	at TestScript.TC1.facebooklogin(TC1.java:32)
Caused by: java.lang.NullPointerException: Unable to find executable for: taskkill
	at com.google.common.base.Preconditions.checkNotNull(Preconditions.java:251)
	at org.openqa.selenium.os.UnixProcess.<init>(UnixProcess.java:62)
	at org.openqa.selenium.os.CommandLine.<init>(CommandLine.java:38)
	at org.openqa.selenium.os.WindowsUtils.killPID(WindowsUtils.java:178)
	at org.openqa.selenium.os.ProcessUtils.killWinProcess(ProcessUtils.java:138)
	... 35 more
... Removed 24 stack frames]]>
    </failure>
  </testcase> <!-- facebooklogin -->
</testsuite> <!-- Test -->
